mktextfm Overpass
mktextfm Overpass
mktextfm Overpass
mktextfm Overpass/BI
mktextfm Overpass
mktextfm Overpass/B
mktextfm Overpass
mktextfm Overpass/I
mktextfm Overpass
mktextfm Overpass
mktextfm Iosevka
mktextfm Iosevka
mktextfm Iosevka
mktextfm Iosevka/BI
mktextfm Iosevka
mktextfm Iosevka/B
mktextfm Iosevka
mktextfm Iosevka/I
mktextfm Iosevka
mktextfm Iosevka
mktextfm Overpass
mktextfm Overpass
mktextfm Overpass
mktextfm Overpass
mktextfm Overpass
mktextfm Overpass
mktextfm Overpass
mktextfm Overpass
mktextfm Overpass/BI
mktextfm Overpass
mktextfm Overpass/B
mktextfm Overpass
mktextfm Overpass/I
mktextfm Overpass
mktextfm Overpass
mktextfm Iosevka
mktextfm Iosevka
mktextfm Iosevka
mktextfm Iosevka/BI
mktextfm Iosevka
mktextfm Iosevka/B
mktextfm Iosevka
mktextfm Iosevka/I
mktextfm Iosevka
mktextfm Iosevka
mktextfm Overpass
mktextfm Overpass
mktextfm Overpass
mktextfm Overpass
mktextfm Overpass
mktextfm Overpass
mktextfm Overpass
mktextfm Overpass
mktextfm Overpass/BI
mktextfm Overpass
mktextfm Overpass/B
mktextfm Overpass
mktextfm Overpass/I
mktextfm Overpass
mktextfm Overpass
mktextfm Iosevka
mktextfm Iosevka
mktextfm Iosevka
mktextfm Iosevka/BI
mktextfm Iosevka
mktextfm Iosevka/B
mktextfm Iosevka
mktextfm Iosevka/I
mktextfm Iosevka
mktextfm Iosevka
mktextfm Overpass
mktextfm Overpass
mktextfm Overpass
mktextfm Overpass
mktextfm Overpass
mktextfm Overpass
mktextfm Overpass
mktextfm Overpass
mktextfm Overpass/BI
mktextfm Overpass
mktextfm Overpass/B
mktextfm Overpass
mktextfm Overpass/I
mktextfm Overpass
mktextfm Overpass
mktextfm Iosevka
mktextfm Iosevka
mktextfm Iosevka
mktextfm Iosevka/BI
mktextfm Iosevka
mktextfm Iosevka/B
mktextfm Iosevka
mktextfm Iosevka/I
mktextfm Iosevka
mktextfm Iosevka
mktextfm Overpass
mktextfm Overpass
mktextfm Overpass
mktextfm Overpass
mktextfm Overpass
mktextfm Overpass
mktextfm Iosevka
mktextfm Iosevka
mktextfm Iosevka
mktextfm Iosevka/BI
mktextfm Iosevka
mktextfm Iosevka/B
mktextfm Iosevka
mktextfm Iosevka/I
mktextfm Iosevka
mktextfm Iosevka
