\BOOKMARK [0][-]{chapter.1}{Introduction}{}% 1
\BOOKMARK [1][-]{section.1.1}{Hosting\040Laboratory}{chapter.1}% 2
\BOOKMARK [1][-]{section.1.2}{Context}{chapter.1}% 3
\BOOKMARK [1][-]{section.1.3}{Organization}{chapter.1}% 4
\BOOKMARK [0][-]{chapter.2}{Traditional\040Sparse\040Coding}{}% 5
\BOOKMARK [1][-]{section.2.1}{Sparseland}{chapter.2}% 6
\BOOKMARK [1][-]{section.2.2}{Mathematical\040formulation}{chapter.2}% 7
\BOOKMARK [1][-]{section.2.3}{Learning\040step}{chapter.2}% 8
\BOOKMARK [2][-]{subsection.2.3.1}{Inference\040of\040Sparse\040code}{section.2.3}% 9
\BOOKMARK [2][-]{subsection.2.3.2}{Inference\040of\040Dictionary}{section.2.3}% 10
\BOOKMARK [1][-]{section.2.4}{Dataset\040and\040Toolbox}{chapter.2}% 11
\BOOKMARK [2][-]{subsection.2.4.1}{MNIST}{section.2.4}% 12
\BOOKMARK [1][-]{section.2.5}{Experimentation\040details}{chapter.2}% 13
\BOOKMARK [2][-]{subsection.2.5.1}{Application\040of\040traditional\040Coding\040on\040MNIST}{section.2.5}% 14
\BOOKMARK [2][-]{subsection.2.5.2}{Classification\040for\040traditional\040Sparse\040Coding}{section.2.5}% 15
\BOOKMARK [0][-]{chapter.3}{Discriminative\040Sparse\040Coding\040}{}% 16
\BOOKMARK [1][-]{section.3.1}{One\040dictionary\040per\040class}{chapter.3}% 17
\BOOKMARK [1][-]{section.3.2}{Label\040Consistent\040K-SVD}{chapter.3}% 18
\BOOKMARK [2][-]{subsection.3.2.1}{Idea}{section.3.2}% 19
\BOOKMARK [2][-]{subsection.3.2.2}{LC-KSVD1}{section.3.2}% 20
\BOOKMARK [1][-]{section.3.3}{Experiment\040details}{chapter.3}% 21
\BOOKMARK [2][-]{subsection.3.3.1}{Application\040of\040Label-Consistent\040K-SVD\040on\040MNIST}{section.3.3}% 22
\BOOKMARK [2][-]{subsection.3.3.2}{Classification\040for\040Label-Consistent\040K-SVD}{section.3.3}% 23
\BOOKMARK [0][-]{chapter.4}{Convolutional\040Sparse\040Coding}{}% 24
\BOOKMARK [1][-]{section.4.1}{Idea}{chapter.4}% 25
\BOOKMARK [1][-]{section.4.2}{Inference\040of\040CSC}{chapter.4}% 26
\BOOKMARK [2][-]{subsection.4.2.1}{Augmented\040Lagrangian}{section.4.2}% 27
\BOOKMARK [2][-]{subsection.4.2.2}{Quad-decomposition\040of\040the\040objective}{section.4.2}% 28
\BOOKMARK [2][-]{subsection.4.2.3}{Lagrange\040Multiplier\040Update}{section.4.2}% 29
\BOOKMARK [2][-]{subsection.4.2.4}{Penalty\040update}{section.4.2}% 30
\BOOKMARK [1][-]{section.4.3}{SPORCO}{chapter.4}% 31
\BOOKMARK [1][-]{section.4.4}{Experimentation\040details}{chapter.4}% 32
\BOOKMARK [0][-]{chapter.5}{Discriminative\040Convolutional\040Sparse\040Coding}{}% 33
\BOOKMARK [1][-]{section.5.1}{ML-CSC}{chapter.5}% 34
\BOOKMARK [1][-]{section.5.2}{Tests\040details}{chapter.5}% 35
\BOOKMARK [2][-]{subsection.5.2.1}{Application\040of\040ML-CSC\040on\040MNIST}{section.5.2}% 36
\BOOKMARK [2][-]{subsection.5.2.2}{Classification\040for\040ML-CSC}{section.5.2}% 37
\BOOKMARK [1][-]{section.5.3}{LC-ML-CSC}{chapter.5}% 38
\BOOKMARK [0][-]{chapter.6}{Auto-encoders}{}% 39
\BOOKMARK [1][-]{section.6.1}{Principle}{chapter.6}% 40
\BOOKMARK [1][-]{section.6.2}{Sparse\040AutoEncoder}{chapter.6}% 41
\BOOKMARK [1][-]{section.6.3}{Labels\040Consistent\040AutoEncoder}{chapter.6}% 42
\BOOKMARK [1][-]{section.6.4}{Experimentation\040details}{chapter.6}% 43
\BOOKMARK [2][-]{subsection.6.4.1}{Application\040of\040different\040Autoencoder\040on\040MNIST}{section.6.4}% 44
\BOOKMARK [2][-]{subsection.6.4.2}{Classification\040for\040Autoencoder}{section.6.4}% 45
\BOOKMARK [0][-]{chapter.7}{Conclusion}{}% 46
